This file contains any messages produced by compilers while
running configure, to aid debugging if configure makes a mistake.

It was created by fftw configure 3.3.9, which was
generated by GNU Autoconf 2.69.  Invocation command line was

  $ ./configure --prefix=/home/tomas_mendes/projects/cosmolattice/dependencies/MyFFTW3 --enable-mpi --enable-threads --enable-sse2 --enable-avx --disable-shared --enable-static

## --------- ##
## Platform. ##
## --------- ##

hostname = tmendes-dell
uname -m = x86_64
uname -r = 6.5.0-28-generic
uname -s = Linux
uname -v = #29~22.04.1-Ubuntu SMP PREEMPT_DYNAMIC Thu Apr  4 14:39:20 UTC 2

/usr/bin/uname -p = x86_64
/bin/uname -X     = unknown

/bin/arch              = x86_64
/usr/bin/arch -k       = unknown
/usr/convex/getsysinfo = unknown
/usr/bin/hostinfo      = unknown
/bin/machine           = unknown
/usr/bin/oslevel       = unknown
/bin/universe          = unknown

PATH: /home/tomas_mendes/anaconda3/bin
PATH: /home/tomas_mendes/anaconda3/condabin
PATH: /home/tomas_mendes/.local/bin
PATH: /usr/local/sbin
PATH: /usr/local/bin
PATH: /usr/sbin
PATH: /usr/bin
PATH: /sbin
PATH: /bin
PATH: /usr/games
PATH: /usr/local/games
PATH: /snap/bin


## ----------- ##
## Core tests. ##
## ----------- ##

configure:2878: checking for a BSD-compatible install
configure:2946: result: /usr/bin/install -c
configure:2957: checking whether build environment is sane
configure:3012: result: yes
configure:3163: checking for a thread-safe mkdir -p
configure:3202: result: /usr/bin/mkdir -p
configure:3209: checking for gawk
configure:3239: result: no
configure:3209: checking for mawk
configure:3225: found /usr/bin/mawk
configure:3236: result: mawk
configure:3247: checking whether make sets $(MAKE)
configure:3269: result: yes
configure:3298: checking whether make supports nested variables
configure:3315: result: yes
configure:3445: checking whether to enable maintainer-specific portions of Makefiles
configure:3454: result: no
configure:3502: checking build system type
configure:3516: result: x86_64-pc-linux-gnu
configure:3536: checking host system type
configure:3549: result: x86_64-pc-linux-gnu
configure:4183: checking for gcc
configure:4199: found /usr/bin/gcc
configure:4210: result: gcc
configure:4439: checking for C compiler version
configure:4448: gcc --version >&5
gcc (Ubuntu 11.4.0-1ubuntu1~22.04) 11.4.0
Copyright (C) 2021 Free Software Foundation, Inc.
This is free software; see the source for copying conditions.  There is NO
warranty; not even for MERCHANTABILITY or FITNESS FOR A PARTICULAR PURPOSE.

configure:4459: $? = 0
configure:4448: gcc -v >&5
Using built-in specs.
COLLECT_GCC=gcc
COLLECT_LTO_WRAPPER=/usr/lib/gcc/x86_64-linux-gnu/11/lto-wrapper
OFFLOAD_TARGET_NAMES=nvptx-none:amdgcn-amdhsa
OFFLOAD_TARGET_DEFAULT=1
Target: x86_64-linux-gnu
Configured with: ../src/configure -v --with-pkgversion='Ubuntu 11.4.0-1ubuntu1~22.04' --with-bugurl=file:///usr/share/doc/gcc-11/README.Bugs --enable-languages=c,ada,c++,go,brig,d,fortran,objc,obj-c++,m2 --prefix=/usr --with-gcc-major-version-only --program-suffix=-11 --program-prefix=x86_64-linux-gnu- --enable-shared --enable-linker-build-id --libexecdir=/usr/lib --without-included-gettext --enable-threads=posix --libdir=/usr/lib --enable-nls --enable-bootstrap --enable-clocale=gnu --enable-libstdcxx-debug --enable-libstdcxx-time=yes --with-default-libstdcxx-abi=new --enable-gnu-unique-object --disable-vtable-verify --enable-plugin --enable-default-pie --with-system-zlib --enable-libphobos-checking=release --with-target-system-zlib=auto --enable-objc-gc=auto --enable-multiarch --disable-werror --enable-cet --with-arch-32=i686 --with-abi=m64 --with-multilib-list=m32,m64,mx32 --enable-multilib --with-tune=generic --enable-offload-targets=nvptx-none=/build/gcc-11-XeT9lY/gcc-11-11.4.0/debian/tmp-nvptx/usr,amdgcn-amdhsa=/build/gcc-11-XeT9lY/gcc-11-11.4.0/debian/tmp-gcn/usr --without-cuda-driver --enable-checking=release --build=x86_64-linux-gnu --host=x86_64-linux-gnu --target=x86_64-linux-gnu --with-build-config=bootstrap-lto-lean --enable-link-serialization=2
Thread model: posix
Supported LTO compression algorithms: zlib zstd
gcc version 11.4.0 (Ubuntu 11.4.0-1ubuntu1~22.04) 
... rest of stderr output deleted ...
configure:4459: $? = 0
configure:4448: gcc -V >&5
gcc: error: unrecognized command-line option '-V'
gcc: fatal error: no input files
compilation terminated.
configure:4459: $? = 1
configure:4448: gcc -qversion >&5
gcc: error: unrecognized command-line option '-qversion'; did you mean '--version'?
gcc: fatal error: no input files
compilation terminated.
configure:4459: $? = 1
configure:4479: checking whether the C compiler works
configure:4501: gcc    conftest.c  >&5
configure:4505: $? = 0
configure:4553: result: yes
configure:4556: checking for C compiler default output file name
configure:4558: result: a.out
configure:4564: checking for suffix of executables
configure:4571: gcc -o conftest    conftest.c  >&5
configure:4575: $? = 0
configure:4597: result: 
configure:4619: checking whether we are cross compiling
configure:4627: gcc -o conftest    conftest.c  >&5
configure:4631: $? = 0
configure:4638: ./conftest
configure:4642: $? = 0
configure:4657: result: no
configure:4662: checking for suffix of object files
configure:4684: gcc -c   conftest.c >&5
configure:4688: $? = 0
configure:4709: result: o
configure:4713: checking whether we are using the GNU C compiler
configure:4732: gcc -c   conftest.c >&5
configure:4732: $? = 0
configure:4741: result: yes
configure:4750: checking whether gcc accepts -g
configure:4770: gcc -c -g  conftest.c >&5
configure:4770: $? = 0
configure:4811: result: yes
configure:4828: checking for gcc option to accept ISO C89
configure:4891: gcc  -c -g -O2  conftest.c >&5
configure:4891: $? = 0
configure:4904: result: none needed
configure:4929: checking whether gcc understands -c and -o together
configure:4951: gcc -c conftest.c -o conftest2.o
configure:4954: $? = 0
configure:4951: gcc -c conftest.c -o conftest2.o
configure:4954: $? = 0
configure:4966: result: yes
configure:4986: checking whether make supports the include directive
configure:5001: make -f confmf.GNU && cat confinc.out
this is the am__doit target
configure:5004: $? = 0
configure:5023: result: yes (GNU style)
configure:5048: checking dependency style of gcc
configure:5159: result: gcc3
configure:5177: checking for C compiler vendor
configure:5201: gcc -c -g -O2  conftest.c >&5
conftest.c: In function 'main':
conftest.c:20:7: error: 'thisisanerror' undeclared (first use in this function)
   20 |       thisisanerror;
      |       ^~~~~~~~~~~~~
conftest.c:20:7: note: each undeclared identifier is reported only once for each function it appears in
configure:5201: $? = 1
configure: failed program was:
| /* confdefs.h */
| #define PACKAGE_NAME "fftw"
| #define PACKAGE_TARNAME "fftw"
| #define PACKAGE_VERSION "3.3.9"
| #define PACKAGE_STRING "fftw 3.3.9"
| #define PACKAGE_BUGREPORT "fftw@fftw.org"
| #define PACKAGE_URL ""
| #define PACKAGE "fftw"
| #define VERSION "3.3.9"
| #define FFTW_ENABLE_ALLOCA 1
| #define HAVE_SSE2 1
| #define HAVE_AVX 1
| /* end confdefs.h.  */
| 
| int
| main ()
| {
| 
| #if !(defined(__ICC) || defined(__ECC) || defined(__INTEL_COMPILER))
|       thisisanerror;
| #endif
| 
|   ;
|   return 0;
| }
configure:5201: gcc -c -g -O2  conftest.c >&5
conftest.c: In function 'main':
conftest.c:20:7: error: 'thisisanerror' undeclared (first use in this function)
   20 |       thisisanerror;
      |       ^~~~~~~~~~~~~
conftest.c:20:7: note: each undeclared identifier is reported only once for each function it appears in
configure:5201: $? = 1
configure: failed program was:
| /* confdefs.h */
| #define PACKAGE_NAME "fftw"
| #define PACKAGE_TARNAME "fftw"
| #define PACKAGE_VERSION "3.3.9"
| #define PACKAGE_STRING "fftw 3.3.9"
| #define PACKAGE_BUGREPORT "fftw@fftw.org"
| #define PACKAGE_URL ""
| #define PACKAGE "fftw"
| #define VERSION "3.3.9"
| #define FFTW_ENABLE_ALLOCA 1
| #define HAVE_SSE2 1
| #define HAVE_AVX 1
| /* end confdefs.h.  */
| 
| int
| main ()
| {
| 
| #if !(defined(__ibmxl__) || defined(__xlc__) || defined(__xlC__) || defined(__IBMC__) || defined(__IBMCPP__))
|       thisisanerror;
| #endif
| 
|   ;
|   return 0;
| }
configure:5201: gcc -c -g -O2  conftest.c >&5
conftest.c: In function 'main':
conftest.c:20:7: error: 'thisisanerror' undeclared (first use in this function)
   20 |       thisisanerror;
      |       ^~~~~~~~~~~~~
conftest.c:20:7: note: each undeclared identifier is reported only once for each function it appears in
configure:5201: $? = 1
configure: failed program was:
| /* confdefs.h */
| #define PACKAGE_NAME "fftw"
| #define PACKAGE_TARNAME "fftw"
| #define PACKAGE_VERSION "3.3.9"
| #define PACKAGE_STRING "fftw 3.3.9"
| #define PACKAGE_BUGREPORT "fftw@fftw.org"
| #define PACKAGE_URL ""
| #define PACKAGE "fftw"
| #define VERSION "3.3.9"
| #define FFTW_ENABLE_ALLOCA 1
| #define HAVE_SSE2 1
| #define HAVE_AVX 1
| /* end confdefs.h.  */
| 
| int
| main ()
| {
| 
| #if !(defined(__PATHCC__) || defined(__PATHSCALE__))
|       thisisanerror;
| #endif
| 
|   ;
|   return 0;
| }
configure:5201: gcc -c -g -O2  conftest.c >&5
conftest.c: In function 'main':
conftest.c:20:7: error: 'thisisanerror' undeclared (first use in this function)
   20 |       thisisanerror;
      |       ^~~~~~~~~~~~~
conftest.c:20:7: note: each undeclared identifier is reported only once for each function it appears in
configure:5201: $? = 1
configure: failed program was:
| /* confdefs.h */
| #define PACKAGE_NAME "fftw"
| #define PACKAGE_TARNAME "fftw"
| #define PACKAGE_VERSION "3.3.9"
| #define PACKAGE_STRING "fftw 3.3.9"
| #define PACKAGE_BUGREPORT "fftw@fftw.org"
| #define PACKAGE_URL ""
| #define PACKAGE "fftw"
| #define VERSION "3.3.9"
| #define FFTW_ENABLE_ALLOCA 1
| #define HAVE_SSE2 1
| #define HAVE_AVX 1
| /* end confdefs.h.  */
| 
| int
| main ()
| {
| 
| #if !(defined(__clang__))
|       thisisanerror;
| #endif
| 
|   ;
|   return 0;
| }
configure:5201: gcc -c -g -O2  conftest.c >&5
configure:5201: $? = 0
configure:5208: result: gnu
configure:5215: checking for gcc option to accept ISO C99
configure:5364: gcc  -c -g -O2  conftest.c >&5
configure:5364: $? = 0
configure:5377: result: none needed
configure:5485: checking for gcc option to accept ISO Standard C
configure:5496: result: none needed
configure:5504: checking whether ln -s works
configure:5508: result: yes
configure:5515: checking whether make sets $(MAKE)
configure:5537: result: yes
configure:5895: checking how to print strings
configure:5922: result: printf
configure:5943: checking for a sed that does not truncate output
configure:6007: result: /usr/bin/sed
configure:6025: checking for grep that handles long lines and -e
configure:6083: result: /usr/bin/grep
configure:6088: checking for egrep
configure:6150: result: /usr/bin/grep -E
configure:6155: checking for fgrep
configure:6217: result: /usr/bin/grep -F
configure:6252: checking for ld used by gcc
configure:6319: result: /usr/bin/ld
configure:6326: checking if the linker (/usr/bin/ld) is GNU ld
configure:6341: result: yes
configure:6353: checking for BSD- or MS-compatible name lister (nm)
configure:6407: result: /usr/bin/nm -B
configure:6537: checking the name lister (/usr/bin/nm -B) interface
configure:6544: gcc -c -g -O2  conftest.c >&5
configure:6547: /usr/bin/nm -B "conftest.o"
configure:6550: output
0000000000000000 B some_variable
configure:6557: result: BSD nm
configure:6561: checking the maximum length of command line arguments
configure:6692: result: 1572864
configure:6740: checking how to convert x86_64-pc-linux-gnu file names to x86_64-pc-linux-gnu format
configure:6780: result: func_convert_file_noop
configure:6787: checking how to convert x86_64-pc-linux-gnu file names to toolchain format
configure:6807: result: func_convert_file_noop
configure:6814: checking for /usr/bin/ld option to reload object files
configure:6821: result: -r
configure:6895: checking for objdump
configure:6922: result: objdump
configure:6951: checking how to recognize dependent libraries
configure:7151: result: pass_all
configure:7236: checking for dlltool
configure:7263: result: dlltool
configure:7293: checking how to associate runtime and link libraries
configure:7320: result: printf %s\n
configure:7380: checking for ar
configure:7396: found /usr/bin/ar
configure:7407: result: ar
configure:7444: checking for archiver @FILE support
configure:7461: gcc -c -g -O2  conftest.c >&5
configure:7461: $? = 0
configure:7464: ar cru libconftest.a @conftest.lst >&5
ar: `u' modifier ignored since `D' is the default (see `U')
configure:7467: $? = 0
configure:7472: ar cru libconftest.a @conftest.lst >&5
ar: `u' modifier ignored since `D' is the default (see `U')
ar: conftest.o: No such file or directory
configure:7475: $? = 1
configure:7487: result: @
configure:7545: checking for strip
configure:7561: found /usr/bin/strip
configure:7572: result: strip
configure:7644: checking for ranlib
configure:7660: found /usr/bin/ranlib
configure:7671: result: ranlib
configure:7773: checking command to parse /usr/bin/nm -B output from gcc object
configure:7926: gcc -c -g -O2  conftest.c >&5
configure:7929: $? = 0
configure:7933: /usr/bin/nm -B conftest.o | sed -n -e 's/^.*[	 ]\([ABCDGIRSTW][ABCDGIRSTW]*\)[	 ][	 ]*\([_A-Za-z][_A-Za-z0-9]*\)$/\1 \2 \2/p' | sed '/ __gnu_lto/d' > conftest.nm
configure:7999: gcc -o conftest -g -O2   conftest.c conftstm.o >&5
configure:8002: $? = 0
configure:8040: result: ok
configure:8087: checking for sysroot
configure:8117: result: no
configure:8124: checking for a working dd
configure:8162: result: /usr/bin/dd
configure:8166: checking how to truncate binary pipes
configure:8181: result: /usr/bin/dd bs=4096 count=1
configure:8317: gcc -c -g -O2  conftest.c >&5
configure:8320: $? = 0
configure:8510: checking for mt
configure:8526: found /usr/bin/mt
configure:8537: result: mt
configure:8560: checking if mt is a manifest tool
configure:8566: mt '-?'
configure:8574: result: no
configure:9251: checking how to run the C preprocessor
configure:9282: gcc -E  conftest.c
configure:9282: $? = 0
configure:9296: gcc -E  conftest.c
conftest.c:14:10: fatal error: ac_nonexistent.h: No such file or directory
   14 | #include <ac_nonexistent.h>
      |          ^~~~~~~~~~~~~~~~~~
compilation terminated.
configure:9296: $? = 1
configure: failed program was:
| /* confdefs.h */
| #define PACKAGE_NAME "fftw"
| #define PACKAGE_TARNAME "fftw"
| #define PACKAGE_VERSION "3.3.9"
| #define PACKAGE_STRING "fftw 3.3.9"
| #define PACKAGE_BUGREPORT "fftw@fftw.org"
| #define PACKAGE_URL ""
| #define PACKAGE "fftw"
| #define VERSION "3.3.9"
| #define FFTW_ENABLE_ALLOCA 1
| #define HAVE_SSE2 1
| #define HAVE_AVX 1
| /* end confdefs.h.  */
| #include <ac_nonexistent.h>
configure:9321: result: gcc -E
configure:9341: gcc -E  conftest.c
configure:9341: $? = 0
configure:9355: gcc -E  conftest.c
conftest.c:14:10: fatal error: ac_nonexistent.h: No such file or directory
   14 | #include <ac_nonexistent.h>
      |          ^~~~~~~~~~~~~~~~~~
compilation terminated.
configure:9355: $? = 1
configure: failed program was:
| /* confdefs.h */
| #define PACKAGE_NAME "fftw"
| #define PACKAGE_TARNAME "fftw"
| #define PACKAGE_VERSION "3.3.9"
| #define PACKAGE_STRING "fftw 3.3.9"
| #define PACKAGE_BUGREPORT "fftw@fftw.org"
| #define PACKAGE_URL ""
| #define PACKAGE "fftw"
| #define VERSION "3.3.9"
| #define FFTW_ENABLE_ALLOCA 1
| #define HAVE_SSE2 1
| #define HAVE_AVX 1
| /* end confdefs.h.  */
| #include <ac_nonexistent.h>
configure:9384: checking for ANSI C header files
configure:9404: gcc -c -g -O2  conftest.c >&5
configure:9404: $? = 0
configure:9477: gcc -o conftest -g -O2   conftest.c  >&5
configure:9477: $? = 0
configure:9477: ./conftest
configure:9477: $? = 0
configure:9488: result: yes
configure:9501: checking for sys/types.h
configure:9501: gcc -c -g -O2  conftest.c >&5
configure:9501: $? = 0
configure:9501: result: yes
configure:9501: checking for sys/stat.h
configure:9501: gcc -c -g -O2  conftest.c >&5
configure:9501: $? = 0
configure:9501: result: yes
configure:9501: checking for stdlib.h
configure:9501: gcc -c -g -O2  conftest.c >&5
configure:9501: $? = 0
configure:9501: result: yes
configure:9501: checking for string.h
configure:9501: gcc -c -g -O2  conftest.c >&5
configure:9501: $? = 0
configure:9501: result: yes
configure:9501: checking for memory.h
configure:9501: gcc -c -g -O2  conftest.c >&5
configure:9501: $? = 0
configure:9501: result: yes
configure:9501: checking for strings.h
configure:9501: gcc -c -g -O2  conftest.c >&5
configure:9501: $? = 0
configure:9501: result: yes
configure:9501: checking for inttypes.h
configure:9501: gcc -c -g -O2  conftest.c >&5
configure:9501: $? = 0
configure:9501: result: yes
configure:9501: checking for stdint.h
configure:9501: gcc -c -g -O2  conftest.c >&5
configure:9501: $? = 0
configure:9501: result: yes
configure:9501: checking for unistd.h
configure:9501: gcc -c -g -O2  conftest.c >&5
configure:9501: $? = 0
configure:9501: result: yes
configure:9515: checking for dlfcn.h
configure:9515: gcc -c -g -O2  conftest.c >&5
configure:9515: $? = 0
configure:9515: result: yes
configure:9739: checking for objdir
configure:9754: result: .libs
configure:10018: checking if gcc supports -fno-rtti -fno-exceptions
configure:10036: gcc -c -g -O2  -fno-rtti -fno-exceptions conftest.c >&5
cc1: warning: command-line option '-fno-rtti' is valid for C++/D/ObjC++ but not for C
configure:10040: $? = 0
configure:10053: result: no
configure:10411: checking for gcc option to produce PIC
configure:10418: result: -fPIC -DPIC
configure:10426: checking if gcc PIC flag -fPIC -DPIC works
configure:10444: gcc -c -g -O2  -fPIC -DPIC -DPIC conftest.c >&5
configure:10448: $? = 0
configure:10461: result: yes
configure:10490: checking if gcc static flag -static works
configure:10518: result: yes
configure:10533: checking if gcc supports -c -o file.o
configure:10554: gcc -c -g -O2  -o out/conftest2.o conftest.c >&5
configure:10558: $? = 0
configure:10580: result: yes
configure:10588: checking if gcc supports -c -o file.o
configure:10635: result: yes
configure:10668: checking whether the gcc linker (/usr/bin/ld -m elf_x86_64) supports shared libraries
configure:11931: result: yes
configure:12171: checking dynamic linker characteristics
configure:12752: gcc -o conftest -g -O2   -Wl,-rpath -Wl,/foo conftest.c  >&5
configure:12752: $? = 0
configure:13001: result: GNU/Linux ld.so
configure:13123: checking how to hardcode library paths into programs
configure:13148: result: immediate
configure:13696: checking whether stripping libraries is possible
configure:13701: result: yes
configure:13736: checking if libtool supports shared libraries
configure:13738: result: yes
configure:13741: checking whether to build shared libraries
configure:13766: result: no
configure:13769: checking whether to build static libraries
configure:13773: result: yes
configure:13853: checking for ranlib
configure:13880: result: ranlib
configure:13905: checking for ocamlbuild
configure:13935: result: no
configure:13963: checking for mpicc
configure:13979: found /home/tomas_mendes/anaconda3/bin/mpicc
configure:13990: result: mpicc
configure:14008: checking for MPI_Init
configure:14008: mpicc -o conftest -g -O2   conftest.c  >&5
/home/tomas_mendes/anaconda3/bin/mpicc: line 323: x86_64-conda-linux-gnu-cc: command not found
configure:14008: $? = 127
configure: failed program was:
| /* confdefs.h */
| #define PACKAGE_NAME "fftw"
| #define PACKAGE_TARNAME "fftw"
| #define PACKAGE_VERSION "3.3.9"
| #define PACKAGE_STRING "fftw 3.3.9"
| #define PACKAGE_BUGREPORT "fftw@fftw.org"
| #define PACKAGE_URL ""
| #define PACKAGE "fftw"
| #define VERSION "3.3.9"
| #define FFTW_ENABLE_ALLOCA 1
| #define HAVE_SSE2 1
| #define HAVE_AVX 1
| #define STDC_HEADERS 1
| #define HAVE_SYS_TYPES_H 1
| #define HAVE_SYS_STAT_H 1
| #define HAVE_STDLIB_H 1
| #define HAVE_STRING_H 1
| #define HAVE_MEMORY_H 1
| #define HAVE_STRINGS_H 1
| #define HAVE_INTTYPES_H 1
| #define HAVE_STDINT_H 1
| #define HAVE_UNISTD_H 1
| #define HAVE_DLFCN_H 1
| #define LT_OBJDIR ".libs/"
| /* end confdefs.h.  */
| /* Define MPI_Init to an innocuous variant, in case <limits.h> declares MPI_Init.
|    For example, HP-UX 11i <limits.h> declares gettimeofday.  */
| #define MPI_Init innocuous_MPI_Init
| 
| /* System header to define __stub macros and hopefully few prototypes,
|     which can conflict with char MPI_Init (); below.
|     Prefer <limits.h> to <assert.h> if __STDC__ is defined, since
|     <limits.h> exists even on freestanding compilers.  */
| 
| #ifdef __STDC__
| # include <limits.h>
| #else
| # include <assert.h>
| #endif
| 
| #undef MPI_Init
| 
| /* Override any GCC internal prototype to avoid an error.
|    Use char because int might match the return type of a GCC
|    builtin and then its argument prototype would still apply.  */
| #ifdef __cplusplus
| extern "C"
| #endif
| char MPI_Init ();
| /* The GNU C library defines this for functions which it implements
|     to always fail with ENOSYS.  Some functions are actually named
|     something starting with __ and the normal name is an alias.  */
| #if defined __stub_MPI_Init || defined __stub___MPI_Init
| choke me
| #endif
| 
| int
| main ()
| {
| return MPI_Init ();
|   ;
|   return 0;
| }
configure:14008: result: no
configure:14015: checking for MPI_Init in -lmpi
configure:14040: mpicc -o conftest -g -O2   conftest.c -lmpi   >&5
/home/tomas_mendes/anaconda3/bin/mpicc: line 323: x86_64-conda-linux-gnu-cc: command not found
configure:14040: $? = 127
configure: failed program was:
| /* confdefs.h */
| #define PACKAGE_NAME "fftw"
| #define PACKAGE_TARNAME "fftw"
| #define PACKAGE_VERSION "3.3.9"
| #define PACKAGE_STRING "fftw 3.3.9"
| #define PACKAGE_BUGREPORT "fftw@fftw.org"
| #define PACKAGE_URL ""
| #define PACKAGE "fftw"
| #define VERSION "3.3.9"
| #define FFTW_ENABLE_ALLOCA 1
| #define HAVE_SSE2 1
| #define HAVE_AVX 1
| #define STDC_HEADERS 1
| #define HAVE_SYS_TYPES_H 1
| #define HAVE_SYS_STAT_H 1
| #define HAVE_STDLIB_H 1
| #define HAVE_STRING_H 1
| #define HAVE_MEMORY_H 1
| #define HAVE_STRINGS_H 1
| #define HAVE_INTTYPES_H 1
| #define HAVE_STDINT_H 1
| #define HAVE_UNISTD_H 1
| #define HAVE_DLFCN_H 1
| #define LT_OBJDIR ".libs/"
| /* end confdefs.h.  */
| 
| /* Override any GCC internal prototype to avoid an error.
|    Use char because int might match the return type of a GCC
|    builtin and then its argument prototype would still apply.  */
| #ifdef __cplusplus
| extern "C"
| #endif
| char MPI_Init ();
| int
| main ()
| {
| return MPI_Init ();
|   ;
|   return 0;
| }
configure:14049: result: no
configure:14057: checking for MPI_Init in -lmpich
configure:14082: mpicc -o conftest -g -O2   conftest.c -lmpich   >&5
/home/tomas_mendes/anaconda3/bin/mpicc: line 323: x86_64-conda-linux-gnu-cc: command not found
configure:14082: $? = 127
configure: failed program was:
| /* confdefs.h */
| #define PACKAGE_NAME "fftw"
| #define PACKAGE_TARNAME "fftw"
| #define PACKAGE_VERSION "3.3.9"
| #define PACKAGE_STRING "fftw 3.3.9"
| #define PACKAGE_BUGREPORT "fftw@fftw.org"
| #define PACKAGE_URL ""
| #define PACKAGE "fftw"
| #define VERSION "3.3.9"
| #define FFTW_ENABLE_ALLOCA 1
| #define HAVE_SSE2 1
| #define HAVE_AVX 1
| #define STDC_HEADERS 1
| #define HAVE_SYS_TYPES_H 1
| #define HAVE_SYS_STAT_H 1
| #define HAVE_STDLIB_H 1
| #define HAVE_STRING_H 1
| #define HAVE_MEMORY_H 1
| #define HAVE_STRINGS_H 1
| #define HAVE_INTTYPES_H 1
| #define HAVE_STDINT_H 1
| #define HAVE_UNISTD_H 1
| #define HAVE_DLFCN_H 1
| #define LT_OBJDIR ".libs/"
| /* end confdefs.h.  */
| 
| /* Override any GCC internal prototype to avoid an error.
|    Use char because int might match the return type of a GCC
|    builtin and then its argument prototype would still apply.  */
| #ifdef __cplusplus
| extern "C"
| #endif
| char MPI_Init ();
| int
| main ()
| {
| return MPI_Init ();
|   ;
|   return 0;
| }
configure:14091: result: no
configure:14130: error: could not find mpi library for --enable-mpi

## ---------------- ##
## Cache variables. ##
## ---------------- ##

ac_cv_build=x86_64-pc-linux-gnu
ac_cv_c_compiler_gnu=yes
ac_cv_env_CC_set=
ac_cv_env_CC_value=
ac_cv_env_CFLAGS_set=
ac_cv_env_CFLAGS_value=
ac_cv_env_CPPFLAGS_set=
ac_cv_env_CPPFLAGS_value=
ac_cv_env_CPP_set=
ac_cv_env_CPP_value=
ac_cv_env_F77_set=
ac_cv_env_F77_value=
ac_cv_env_FFLAGS_set=
ac_cv_env_FFLAGS_value=
ac_cv_env_LDFLAGS_set=
ac_cv_env_LDFLAGS_value=
ac_cv_env_LIBS_set=
ac_cv_env_LIBS_value=
ac_cv_env_LT_SYS_LIBRARY_PATH_set=
ac_cv_env_LT_SYS_LIBRARY_PATH_value=
ac_cv_env_MPICC_set=
ac_cv_env_MPICC_value=
ac_cv_env_build_alias_set=
ac_cv_env_build_alias_value=
ac_cv_env_host_alias_set=
ac_cv_env_host_alias_value=
ac_cv_env_target_alias_set=
ac_cv_env_target_alias_value=
ac_cv_func_MPI_Init=no
ac_cv_header_dlfcn_h=yes
ac_cv_header_inttypes_h=yes
ac_cv_header_memory_h=yes
ac_cv_header_stdc=yes
ac_cv_header_stdint_h=yes
ac_cv_header_stdlib_h=yes
ac_cv_header_string_h=yes
ac_cv_header_strings_h=yes
ac_cv_header_sys_stat_h=yes
ac_cv_header_sys_types_h=yes
ac_cv_header_unistd_h=yes
ac_cv_host=x86_64-pc-linux-gnu
ac_cv_lib_mpi_MPI_Init=no
ac_cv_lib_mpich_MPI_Init=no
ac_cv_objext=o
ac_cv_path_EGREP='/usr/bin/grep -E'
ac_cv_path_FGREP='/usr/bin/grep -F'
ac_cv_path_GREP=/usr/bin/grep
ac_cv_path_SED=/usr/bin/sed
ac_cv_path_install='/usr/bin/install -c'
ac_cv_path_lt_DD=/usr/bin/dd
ac_cv_path_mkdir=/usr/bin/mkdir
ac_cv_prog_AWK=mawk
ac_cv_prog_CPP='gcc -E'
ac_cv_prog_MPICC=mpicc
ac_cv_prog_ac_ct_AR=ar
ac_cv_prog_ac_ct_CC=gcc
ac_cv_prog_ac_ct_DLLTOOL=dlltool
ac_cv_prog_ac_ct_MANIFEST_TOOL=mt
ac_cv_prog_ac_ct_OBJDUMP=objdump
ac_cv_prog_ac_ct_RANLIB=ranlib
ac_cv_prog_ac_ct_STRIP=strip
ac_cv_prog_cc_c89=
ac_cv_prog_cc_c99=
ac_cv_prog_cc_g=yes
ac_cv_prog_cc_stdc=
ac_cv_prog_make_make_set=yes
am_cv_CC_dependencies_compiler_type=gcc3
am_cv_make_support_nested_variables=yes
am_cv_prog_cc_c_o=yes
ax_cv_c_compiler_vendor=gnu
lt_cv_ar_at_file=@
lt_cv_deplibs_check_method=pass_all
lt_cv_file_magic_cmd='$MAGIC_CMD'
lt_cv_file_magic_test_file=
lt_cv_ld_reload_flag=-r
lt_cv_nm_interface='BSD nm'
lt_cv_objdir=.libs
lt_cv_path_LD=/usr/bin/ld
lt_cv_path_NM='/usr/bin/nm -B'
lt_cv_path_mainfest_tool=no
lt_cv_prog_compiler_c_o=yes
lt_cv_prog_compiler_pic='-fPIC -DPIC'
lt_cv_prog_compiler_pic_works=yes
lt_cv_prog_compiler_rtti_exceptions=no
lt_cv_prog_compiler_static_works=yes
lt_cv_prog_gnu_ld=yes
lt_cv_sharedlib_from_linklib_cmd='printf %s\n'
lt_cv_shlibpath_overrides_runpath=yes
lt_cv_sys_global_symbol_pipe='sed -n -e '\''s/^.*[	 ]\([ABCDGIRSTW][ABCDGIRSTW]*\)[	 ][	 ]*\([_A-Za-z][_A-Za-z0-9]*\)$/\1 \2 \2/p'\'' | sed '\''/ __gnu_lto/d'\'''
lt_cv_sys_global_symbol_to_c_name_address='sed -n -e '\''s/^: \(.*\) .*$/  {"\1", (void *) 0},/p'\'' -e '\''s/^[ABCDGIRSTW][ABCDGIRSTW]* .* \(.*\)$/  {"\1", (void *) \&\1},/p'\'''
lt_cv_sys_global_symbol_to_c_name_address_lib_prefix='sed -n -e '\''s/^: \(.*\) .*$/  {"\1", (void *) 0},/p'\'' -e '\''s/^[ABCDGIRSTW][ABCDGIRSTW]* .* \(lib.*\)$/  {"\1", (void *) \&\1},/p'\'' -e '\''s/^[ABCDGIRSTW][ABCDGIRSTW]* .* \(.*\)$/  {"lib\1", (void *) \&\1},/p'\'''
lt_cv_sys_global_symbol_to_cdecl='sed -n -e '\''s/^T .* \(.*\)$/extern int \1();/p'\'' -e '\''s/^[ABCDGIRSTW][ABCDGIRSTW]* .* \(.*\)$/extern char \1;/p'\'''
lt_cv_sys_global_symbol_to_import=
lt_cv_sys_max_cmd_len=1572864
lt_cv_to_host_file_cmd=func_convert_file_noop
lt_cv_to_tool_file_cmd=func_convert_file_noop
lt_cv_truncate_bin='/usr/bin/dd bs=4096 count=1'

## ----------------- ##
## Output variables. ##
## ----------------- ##

ACLOCAL='${SHELL} /home/tomas_mendes/projects/cosmolattice/dependencies/MyFFTW3/fftw-3.3.9/missing aclocal-1.16'
ALLOCA=''
ALTIVEC_CFLAGS=''
AMDEPBACKSLASH='\'
AMDEP_FALSE='#'
AMDEP_TRUE=''
AMTAR='$${TAR-tar}'
AM_BACKSLASH='\'
AM_DEFAULT_V='$(AM_DEFAULT_VERBOSITY)'
AM_DEFAULT_VERBOSITY='1'
AM_V='$(V)'
AR='ar'
AS='as'
AUTOCONF='${SHELL} /home/tomas_mendes/projects/cosmolattice/dependencies/MyFFTW3/fftw-3.3.9/missing autoconf'
AUTOHEADER='${SHELL} /home/tomas_mendes/projects/cosmolattice/dependencies/MyFFTW3/fftw-3.3.9/missing autoheader'
AUTOMAKE='${SHELL} /home/tomas_mendes/projects/cosmolattice/dependencies/MyFFTW3/fftw-3.3.9/missing automake-1.16'
AVX2_CFLAGS=''
AVX512_CFLAGS=''
AVX_128_FMA_CFLAGS=''
AVX_CFLAGS=''
AWK='mawk'
BUILD_DOC_FALSE='#'
BUILD_DOC_TRUE=''
CC='gcc'
CCDEPMODE='depmode=gcc3'
CFLAGS='-g -O2'
CHECK_PL_OPTS=''
COMBINED_THREADS_FALSE=''
COMBINED_THREADS_TRUE=''
CPP='gcc -E'
CPPFLAGS=''
CYGPATH_W='echo'
C_FFTW_R2R_KIND=''
C_MPI_FINT=''
DEFS=''
DEPDIR='.deps'
DLLTOOL='dlltool'
DSYMUTIL=''
DUMPBIN=''
ECHO_C=''
ECHO_N='-n'
ECHO_T=''
EGREP='/usr/bin/grep -E'
EXEEXT=''
F77=''
FFLAGS=''
FGREP='/usr/bin/grep -F'
FLIBS=''
GREP='/usr/bin/grep'
HAVE_ALTIVEC_FALSE=''
HAVE_ALTIVEC_TRUE='#'
HAVE_AVX2_FALSE=''
HAVE_AVX2_TRUE='#'
HAVE_AVX512_FALSE=''
HAVE_AVX512_TRUE='#'
HAVE_AVX_128_FMA_FALSE=''
HAVE_AVX_128_FMA_TRUE='#'
HAVE_AVX_FALSE='#'
HAVE_AVX_TRUE=''
HAVE_GENERIC_SIMD128_FALSE=''
HAVE_GENERIC_SIMD128_TRUE='#'
HAVE_GENERIC_SIMD256_FALSE=''
HAVE_GENERIC_SIMD256_TRUE='#'
HAVE_KCVI_FALSE=''
HAVE_KCVI_TRUE='#'
HAVE_NEON_FALSE=''
HAVE_NEON_TRUE='#'
HAVE_SSE2_FALSE='#'
HAVE_SSE2_TRUE=''
HAVE_VSX_FALSE=''
HAVE_VSX_TRUE='#'
INDENT=''
INSTALL_DATA='${INSTALL} -m 644'
INSTALL_PROGRAM='${INSTALL}'
INSTALL_SCRIPT='${INSTALL}'
INSTALL_STRIP_PROGRAM='$(install_sh) -c -s'
KCVI_CFLAGS=''
LD='/usr/bin/ld -m elf_x86_64'
LDFLAGS=''
LDOUBLE_FALSE=''
LDOUBLE_TRUE='#'
LIBOBJS=''
LIBQUADMATH=''
LIBS=''
LIBTOOL='$(SHELL) $(top_builddir)/libtool'
LIPO=''
LN_S='ln -s'
LTLIBOBJS=''
LT_SYS_LIBRARY_PATH=''
MAINT='#'
MAINTAINER_MODE_FALSE=''
MAINTAINER_MODE_TRUE='#'
MAKEINFO='${SHELL} /home/tomas_mendes/projects/cosmolattice/dependencies/MyFFTW3/fftw-3.3.9/missing makeinfo'
MANIFEST_TOOL=':'
MKDIR_P='/usr/bin/mkdir -p'
MPICC='mpicc'
MPILIBS=''
MPIRUN=''
MPI_FALSE=''
MPI_TRUE=''
NEON_CFLAGS=''
NM='/usr/bin/nm -B'
NMEDIT=''
OBJDUMP='objdump'
OBJEXT='o'
OCAMLBUILD=''
OPENMP_CFLAGS=''
OPENMP_FALSE=''
OPENMP_TRUE=''
OTOOL64=''
OTOOL=''
PACKAGE='fftw'
PACKAGE_BUGREPORT='fftw@fftw.org'
PACKAGE_NAME='fftw'
PACKAGE_STRING='fftw 3.3.9'
PACKAGE_TARNAME='fftw'
PACKAGE_URL=''
PACKAGE_VERSION='3.3.9'
PATH_SEPARATOR=':'
POW_LIB=''
PRECISION='d'
PREC_SUFFIX=''
PTHREAD_CC=''
PTHREAD_CFLAGS=''
PTHREAD_LIBS=''
QUAD_FALSE=''
QUAD_TRUE='#'
RANLIB='ranlib'
SED='/usr/bin/sed'
SET_MAKE=''
SHARED_VERSION_INFO='9:9:6'
SHELL='/bin/bash'
SINGLE_FALSE=''
SINGLE_TRUE='#'
SMP_FALSE=''
SMP_TRUE=''
SSE2_CFLAGS=''
STACK_ALIGN_CFLAGS=''
STRIP='strip'
THREADLIBS=''
THREADS_FALSE=''
THREADS_TRUE=''
VERSION='3.3.9'
VSX_CFLAGS=''
ac_ct_AR='ar'
ac_ct_CC='gcc'
ac_ct_DUMPBIN=''
ac_ct_F77=''
acx_pthread_config=''
am__EXEEXT_FALSE=''
am__EXEEXT_TRUE=''
am__fastdepCC_FALSE='#'
am__fastdepCC_TRUE=''
am__include='include'
am__isrc=''
am__leading_dot='.'
am__nodep='_no'
am__quote=''
am__tar='$${TAR-tar} chof - "$$tardir"'
am__untar='$${TAR-tar} xf -'
bindir='${exec_prefix}/bin'
build='x86_64-pc-linux-gnu'
build_alias=''
build_cpu='x86_64'
build_os='linux-gnu'
build_vendor='pc'
datadir='${datarootdir}'
datarootdir='${prefix}/share'
docdir='${datarootdir}/doc/${PACKAGE_TARNAME}'
dvidir='${docdir}'
exec_prefix='NONE'
host='x86_64-pc-linux-gnu'
host_alias=''
host_cpu='x86_64'
host_os='linux-gnu'
host_vendor='pc'
htmldir='${docdir}'
includedir='${prefix}/include'
infodir='${datarootdir}/info'
install_sh='${SHELL} /home/tomas_mendes/projects/cosmolattice/dependencies/MyFFTW3/fftw-3.3.9/install-sh'
libdir='${exec_prefix}/lib'
libexecdir='${exec_prefix}/libexec'
localedir='${datarootdir}/locale'
localstatedir='${prefix}/var'
mandir='${datarootdir}/man'
mkdir_p='$(MKDIR_P)'
oldincludedir='/usr/include'
pdfdir='${docdir}'
prefix='/home/tomas_mendes/projects/cosmolattice/dependencies/MyFFTW3'
program_transform_name='s,x,x,'
psdir='${docdir}'
runstatedir='${localstatedir}/run'
sbindir='${exec_prefix}/sbin'
sharedstatedir='${prefix}/com'
sysconfdir='${prefix}/etc'
target_alias=''

## ----------- ##
## confdefs.h. ##
## ----------- ##

/* confdefs.h */
#define PACKAGE_NAME "fftw"
#define PACKAGE_TARNAME "fftw"
#define PACKAGE_VERSION "3.3.9"
#define PACKAGE_STRING "fftw 3.3.9"
#define PACKAGE_BUGREPORT "fftw@fftw.org"
#define PACKAGE_URL ""
#define PACKAGE "fftw"
#define VERSION "3.3.9"
#define FFTW_ENABLE_ALLOCA 1
#define HAVE_SSE2 1
#define HAVE_AVX 1
#define STDC_HEADERS 1
#define HAVE_SYS_TYPES_H 1
#define HAVE_SYS_STAT_H 1
#define HAVE_STDLIB_H 1
#define HAVE_STRING_H 1
#define HAVE_MEMORY_H 1
#define HAVE_STRINGS_H 1
#define HAVE_INTTYPES_H 1
#define HAVE_STDINT_H 1
#define HAVE_UNISTD_H 1
#define HAVE_DLFCN_H 1
#define LT_OBJDIR ".libs/"

configure: exit 1
